{"D:\\IT Management System\\Cse-470-project\\controller\\prac.js": {"path":"D:\\IT Management System\\Cse-470-project\\controller\\prac.js","statementMap":{"0":{"start":{"line":1,"column":14},"end":{"line":1,"column":39}},"1":{"start":{"line":2,"column":18},"end":{"line":2,"column":47}},"2":{"start":{"line":3,"column":17},"end":{"line":3,"column":45}},"3":{"start":{"line":4,"column":16},"end":{"line":4,"column":42}},"4":{"start":{"line":5,"column":14},"end":{"line":5,"column":39}},"5":{"start":{"line":6,"column":24},"end":{"line":6,"column":42}},"6":{"start":{"line":7,"column":14},"end":{"line":7,"column":31}},"7":{"start":{"line":8,"column":17},"end":{"line":8,"column":28}},"8":{"start":{"line":10,"column":12},"end":{"line":10,"column":39}},"9":{"start":{"line":12,"column":11},"end":{"line":24,"column":1}},"10":{"start":{"line":13,"column":2},"end":{"line":23,"column":5}},"11":{"start":{"line":14,"column":14},"end":{"line":14,"column":29}},"12":{"start":{"line":15,"column":4},"end":{"line":15,"column":27}},"13":{"start":{"line":15,"column":15},"end":{"line":15,"column":27}},"14":{"start":{"line":16,"column":16},"end":{"line":16,"column":36}},"15":{"start":{"line":17,"column":20},"end":{"line":17,"column":40}},"16":{"start":{"line":18,"column":4},"end":{"line":22,"column":7}},"17":{"start":{"line":19,"column":6},"end":{"line":19,"column":25}},"18":{"start":{"line":19,"column":15},"end":{"line":19,"column":25}},"19":{"start":{"line":20,"column":6},"end":{"line":20,"column":17}},"20":{"start":{"line":21,"column":6},"end":{"line":21,"column":47}},"21":{"start":{"line":26,"column":0},"end":{"line":26,"column":12}},"22":{"start":{"line":27,"column":0},"end":{"line":27,"column":34}}},"fnMap":{"0":{"name":"(anonymous_0)","decl":{"start":{"line":12,"column":11},"end":{"line":12,"column":12}},"loc":{"start":{"line":12,"column":24},"end":{"line":24,"column":1}},"line":12},"1":{"name":"(anonymous_1)","decl":{"start":{"line":13,"column":27},"end":{"line":13,"column":28}},"loc":{"start":{"line":13,"column":42},"end":{"line":23,"column":3}},"line":13},"2":{"name":"(anonymous_2)","decl":{"start":{"line":18,"column":63},"end":{"line":18,"column":64}},"loc":{"start":{"line":18,"column":80},"end":{"line":22,"column":5}},"line":18}},"branchMap":{"0":{"loc":{"start":{"line":15,"column":4},"end":{"line":15,"column":27}},"type":"if","locations":[{"start":{"line":15,"column":4},"end":{"line":15,"column":27}},{"start":{"line":15,"column":4},"end":{"line":15,"column":27}}],"line":15},"1":{"loc":{"start":{"line":19,"column":6},"end":{"line":19,"column":25}},"type":"if","locations":[{"start":{"line":19,"column":6},"end":{"line":19,"column":25}},{"start":{"line":19,"column":6},"end":{"line":19,"column":25}}],"line":19}},"s":{"0":1,"1":1,"2":1,"3":1,"4":1,"5":1,"6":1,"7":1,"8":1,"9":1,"10":1,"11":0,"12":0,"13":0,"14":0,"15":0,"16":0,"17":0,"18":0,"19":0,"20":0,"21":1,"22":1},"f":{"0":1,"1":0,"2":0},"b":{"0":[0,0],"1":[0,0]},"_coverageSchema":"1a1c01bbd47fc00a2c39e90264f33305004495a9","hash":"f5f4c1d570ab35e44e2e45fd6f315335027853ea"}
,"D:\\IT Management System\\Cse-470-project\\model\\Admin.js": {"path":"D:\\IT Management System\\Cse-470-project\\model\\Admin.js","statementMap":{"0":{"start":{"line":1,"column":24},"end":{"line":1,"column":42}},"1":{"start":{"line":2,"column":15},"end":{"line":2,"column":34}},"2":{"start":{"line":3,"column":12},"end":{"line":3,"column":40}},"3":{"start":{"line":4,"column":14},"end":{"line":4,"column":31}},"4":{"start":{"line":5,"column":17},"end":{"line":5,"column":28}},"5":{"start":{"line":9,"column":8},"end":{"line":9,"column":47}},"6":{"start":{"line":10,"column":8},"end":{"line":10,"column":27}},"7":{"start":{"line":11,"column":8},"end":{"line":11,"column":23}},"8":{"start":{"line":16,"column":4},"end":{"line":28,"column":7}},"9":{"start":{"line":17,"column":8},"end":{"line":17,"column":31}},"10":{"start":{"line":17,"column":19},"end":{"line":17,"column":31}},"11":{"start":{"line":18,"column":18},"end":{"line":18,"column":33}},"12":{"start":{"line":19,"column":20},"end":{"line":19,"column":86}},"13":{"start":{"line":20,"column":8},"end":{"line":20,"column":24}},"14":{"start":{"line":21,"column":8},"end":{"line":21,"column":83}},"15":{"start":{"line":22,"column":8},"end":{"line":27,"column":11}},"16":{"start":{"line":23,"column":12},"end":{"line":23,"column":30}},"17":{"start":{"line":23,"column":21},"end":{"line":23,"column":30}},"18":{"start":{"line":24,"column":12},"end":{"line":24,"column":23}},"19":{"start":{"line":25,"column":12},"end":{"line":25,"column":54}},"20":{"start":{"line":32,"column":4},"end":{"line":41,"column":7}},"21":{"start":{"line":33,"column":18},"end":{"line":33,"column":33}},"22":{"start":{"line":34,"column":8},"end":{"line":34,"column":31}},"23":{"start":{"line":34,"column":19},"end":{"line":34,"column":31}},"24":{"start":{"line":35,"column":8},"end":{"line":40,"column":11}},"25":{"start":{"line":36,"column":12},"end":{"line":36,"column":31}},"26":{"start":{"line":36,"column":21},"end":{"line":36,"column":31}},"27":{"start":{"line":37,"column":12},"end":{"line":37,"column":23}},"28":{"start":{"line":38,"column":12},"end":{"line":38,"column":54}},"29":{"start":{"line":45,"column":4},"end":{"line":57,"column":7}},"30":{"start":{"line":46,"column":18},"end":{"line":46,"column":33}},"31":{"start":{"line":47,"column":8},"end":{"line":47,"column":31}},"32":{"start":{"line":47,"column":19},"end":{"line":47,"column":31}},"33":{"start":{"line":48,"column":20},"end":{"line":48,"column":86}},"34":{"start":{"line":49,"column":8},"end":{"line":49,"column":24}},"35":{"start":{"line":50,"column":8},"end":{"line":50,"column":83}},"36":{"start":{"line":51,"column":8},"end":{"line":51,"column":30}},"37":{"start":{"line":52,"column":8},"end":{"line":55,"column":11}},"38":{"start":{"line":53,"column":12},"end":{"line":53,"column":31}},"39":{"start":{"line":53,"column":21},"end":{"line":53,"column":31}},"40":{"start":{"line":54,"column":12},"end":{"line":54,"column":56}},"41":{"start":{"line":56,"column":8},"end":{"line":56,"column":19}},"42":{"start":{"line":61,"column":4},"end":{"line":71,"column":7}},"43":{"start":{"line":62,"column":18},"end":{"line":62,"column":33}},"44":{"start":{"line":63,"column":8},"end":{"line":63,"column":31}},"45":{"start":{"line":63,"column":19},"end":{"line":63,"column":31}},"46":{"start":{"line":64,"column":20},"end":{"line":64,"column":40}},"47":{"start":{"line":65,"column":8},"end":{"line":69,"column":11}},"48":{"start":{"line":66,"column":12},"end":{"line":66,"column":30}},"49":{"start":{"line":66,"column":21},"end":{"line":66,"column":30}},"50":{"start":{"line":67,"column":12},"end":{"line":67,"column":54}},"51":{"start":{"line":70,"column":8},"end":{"line":70,"column":19}},"52":{"start":{"line":75,"column":4},"end":{"line":84,"column":7}},"53":{"start":{"line":76,"column":8},"end":{"line":76,"column":31}},"54":{"start":{"line":76,"column":19},"end":{"line":76,"column":31}},"55":{"start":{"line":77,"column":18},"end":{"line":77,"column":33}},"56":{"start":{"line":78,"column":8},"end":{"line":83,"column":11}},"57":{"start":{"line":79,"column":12},"end":{"line":79,"column":30}},"58":{"start":{"line":79,"column":21},"end":{"line":79,"column":30}},"59":{"start":{"line":80,"column":12},"end":{"line":80,"column":23}},"60":{"start":{"line":81,"column":12},"end":{"line":81,"column":58}},"61":{"start":{"line":88,"column":4},"end":{"line":97,"column":7}},"62":{"start":{"line":89,"column":18},"end":{"line":89,"column":33}},"63":{"start":{"line":90,"column":8},"end":{"line":90,"column":31}},"64":{"start":{"line":90,"column":19},"end":{"line":90,"column":31}},"65":{"start":{"line":91,"column":8},"end":{"line":96,"column":11}},"66":{"start":{"line":92,"column":12},"end":{"line":92,"column":31}},"67":{"start":{"line":92,"column":21},"end":{"line":92,"column":31}},"68":{"start":{"line":93,"column":12},"end":{"line":93,"column":23}},"69":{"start":{"line":94,"column":12},"end":{"line":94,"column":54}},"70":{"start":{"line":101,"column":4},"end":{"line":110,"column":7}},"71":{"start":{"line":102,"column":18},"end":{"line":102,"column":33}},"72":{"start":{"line":103,"column":8},"end":{"line":103,"column":31}},"73":{"start":{"line":103,"column":19},"end":{"line":103,"column":31}},"74":{"start":{"line":104,"column":20},"end":{"line":104,"column":34}},"75":{"start":{"line":105,"column":8},"end":{"line":109,"column":11}},"76":{"start":{"line":106,"column":12},"end":{"line":106,"column":31}},"77":{"start":{"line":106,"column":21},"end":{"line":106,"column":31}},"78":{"start":{"line":107,"column":12},"end":{"line":107,"column":23}},"79":{"start":{"line":108,"column":12},"end":{"line":108,"column":52}},"80":{"start":{"line":114,"column":0},"end":{"line":114,"column":131}}},"fnMap":{"0":{"name":"(anonymous_0)","decl":{"start":{"line":8,"column":4},"end":{"line":8,"column":5}},"loc":{"start":{"line":8,"column":54},"end":{"line":12,"column":5}},"line":8},"1":{"name":"orderConfirm","decl":{"start":{"line":15,"column":9},"end":{"line":15,"column":21}},"loc":{"start":{"line":15,"column":31},"end":{"line":29,"column":1}},"line":15},"2":{"name":"(anonymous_2)","decl":{"start":{"line":16,"column":29},"end":{"line":16,"column":30}},"loc":{"start":{"line":16,"column":50},"end":{"line":28,"column":5}},"line":16},"3":{"name":"(anonymous_3)","decl":{"start":{"line":22,"column":56},"end":{"line":22,"column":57}},"loc":{"start":{"line":22,"column":73},"end":{"line":27,"column":9}},"line":22},"4":{"name":"orderCancel","decl":{"start":{"line":31,"column":9},"end":{"line":31,"column":20}},"loc":{"start":{"line":31,"column":30},"end":{"line":42,"column":1}},"line":31},"5":{"name":"(anonymous_5)","decl":{"start":{"line":32,"column":29},"end":{"line":32,"column":30}},"loc":{"start":{"line":32,"column":44},"end":{"line":41,"column":5}},"line":32},"6":{"name":"(anonymous_6)","decl":{"start":{"line":35,"column":71},"end":{"line":35,"column":72}},"loc":{"start":{"line":35,"column":88},"end":{"line":40,"column":9}},"line":35},"7":{"name":"orderDelivery","decl":{"start":{"line":44,"column":9},"end":{"line":44,"column":22}},"loc":{"start":{"line":44,"column":32},"end":{"line":58,"column":1}},"line":44},"8":{"name":"(anonymous_8)","decl":{"start":{"line":45,"column":29},"end":{"line":45,"column":30}},"loc":{"start":{"line":45,"column":50},"end":{"line":57,"column":5}},"line":45},"9":{"name":"(anonymous_9)","decl":{"start":{"line":52,"column":65},"end":{"line":52,"column":66}},"loc":{"start":{"line":52,"column":82},"end":{"line":55,"column":9}},"line":52},"10":{"name":"checkBilling","decl":{"start":{"line":60,"column":9},"end":{"line":60,"column":21}},"loc":{"start":{"line":60,"column":31},"end":{"line":72,"column":1}},"line":60},"11":{"name":"(anonymous_11)","decl":{"start":{"line":61,"column":29},"end":{"line":61,"column":30}},"loc":{"start":{"line":61,"column":44},"end":{"line":71,"column":5}},"line":61},"12":{"name":"(anonymous_12)","decl":{"start":{"line":65,"column":95},"end":{"line":65,"column":96}},"loc":{"start":{"line":65,"column":112},"end":{"line":69,"column":9}},"line":65},"13":{"name":"addEmployee","decl":{"start":{"line":74,"column":9},"end":{"line":74,"column":20}},"loc":{"start":{"line":74,"column":37},"end":{"line":85,"column":1}},"line":74},"14":{"name":"(anonymous_14)","decl":{"start":{"line":75,"column":29},"end":{"line":75,"column":30}},"loc":{"start":{"line":75,"column":44},"end":{"line":84,"column":5}},"line":75},"15":{"name":"(anonymous_15)","decl":{"start":{"line":78,"column":62},"end":{"line":78,"column":63}},"loc":{"start":{"line":78,"column":79},"end":{"line":83,"column":9}},"line":78},"16":{"name":"remEmployee","decl":{"start":{"line":87,"column":9},"end":{"line":87,"column":20}},"loc":{"start":{"line":87,"column":27},"end":{"line":98,"column":1}},"line":87},"17":{"name":"(anonymous_17)","decl":{"start":{"line":88,"column":29},"end":{"line":88,"column":30}},"loc":{"start":{"line":88,"column":44},"end":{"line":97,"column":5}},"line":88},"18":{"name":"(anonymous_18)","decl":{"start":{"line":91,"column":65},"end":{"line":91,"column":66}},"loc":{"start":{"line":91,"column":82},"end":{"line":96,"column":9}},"line":91},"19":{"name":"editEmployee","decl":{"start":{"line":100,"column":9},"end":{"line":100,"column":21}},"loc":{"start":{"line":100,"column":39},"end":{"line":111,"column":1}},"line":100},"20":{"name":"(anonymous_20)","decl":{"start":{"line":101,"column":29},"end":{"line":101,"column":30}},"loc":{"start":{"line":101,"column":44},"end":{"line":110,"column":5}},"line":101},"21":{"name":"(anonymous_21)","decl":{"start":{"line":105,"column":64},"end":{"line":105,"column":65}},"loc":{"start":{"line":105,"column":81},"end":{"line":109,"column":9}},"line":105}},"branchMap":{"0":{"loc":{"start":{"line":17,"column":8},"end":{"line":17,"column":31}},"type":"if","locations":[{"start":{"line":17,"column":8},"end":{"line":17,"column":31}},{"start":{"line":17,"column":8},"end":{"line":17,"column":31}}],"line":17},"1":{"loc":{"start":{"line":23,"column":12},"end":{"line":23,"column":30}},"type":"if","locations":[{"start":{"line":23,"column":12},"end":{"line":23,"column":30}},{"start":{"line":23,"column":12},"end":{"line":23,"column":30}}],"line":23},"2":{"loc":{"start":{"line":34,"column":8},"end":{"line":34,"column":31}},"type":"if","locations":[{"start":{"line":34,"column":8},"end":{"line":34,"column":31}},{"start":{"line":34,"column":8},"end":{"line":34,"column":31}}],"line":34},"3":{"loc":{"start":{"line":36,"column":12},"end":{"line":36,"column":31}},"type":"if","locations":[{"start":{"line":36,"column":12},"end":{"line":36,"column":31}},{"start":{"line":36,"column":12},"end":{"line":36,"column":31}}],"line":36},"4":{"loc":{"start":{"line":47,"column":8},"end":{"line":47,"column":31}},"type":"if","locations":[{"start":{"line":47,"column":8},"end":{"line":47,"column":31}},{"start":{"line":47,"column":8},"end":{"line":47,"column":31}}],"line":47},"5":{"loc":{"start":{"line":53,"column":12},"end":{"line":53,"column":31}},"type":"if","locations":[{"start":{"line":53,"column":12},"end":{"line":53,"column":31}},{"start":{"line":53,"column":12},"end":{"line":53,"column":31}}],"line":53},"6":{"loc":{"start":{"line":63,"column":8},"end":{"line":63,"column":31}},"type":"if","locations":[{"start":{"line":63,"column":8},"end":{"line":63,"column":31}},{"start":{"line":63,"column":8},"end":{"line":63,"column":31}}],"line":63},"7":{"loc":{"start":{"line":66,"column":12},"end":{"line":66,"column":30}},"type":"if","locations":[{"start":{"line":66,"column":12},"end":{"line":66,"column":30}},{"start":{"line":66,"column":12},"end":{"line":66,"column":30}}],"line":66},"8":{"loc":{"start":{"line":76,"column":8},"end":{"line":76,"column":31}},"type":"if","locations":[{"start":{"line":76,"column":8},"end":{"line":76,"column":31}},{"start":{"line":76,"column":8},"end":{"line":76,"column":31}}],"line":76},"9":{"loc":{"start":{"line":79,"column":12},"end":{"line":79,"column":30}},"type":"if","locations":[{"start":{"line":79,"column":12},"end":{"line":79,"column":30}},{"start":{"line":79,"column":12},"end":{"line":79,"column":30}}],"line":79},"10":{"loc":{"start":{"line":90,"column":8},"end":{"line":90,"column":31}},"type":"if","locations":[{"start":{"line":90,"column":8},"end":{"line":90,"column":31}},{"start":{"line":90,"column":8},"end":{"line":90,"column":31}}],"line":90},"11":{"loc":{"start":{"line":92,"column":12},"end":{"line":92,"column":31}},"type":"if","locations":[{"start":{"line":92,"column":12},"end":{"line":92,"column":31}},{"start":{"line":92,"column":12},"end":{"line":92,"column":31}}],"line":92},"12":{"loc":{"start":{"line":103,"column":8},"end":{"line":103,"column":31}},"type":"if","locations":[{"start":{"line":103,"column":8},"end":{"line":103,"column":31}},{"start":{"line":103,"column":8},"end":{"line":103,"column":31}}],"line":103},"13":{"loc":{"start":{"line":106,"column":12},"end":{"line":106,"column":31}},"type":"if","locations":[{"start":{"line":106,"column":12},"end":{"line":106,"column":31}},{"start":{"line":106,"column":12},"end":{"line":106,"column":31}}],"line":106}},"s":{"0":2,"1":2,"2":2,"3":2,"4":2,"5":0,"6":0,"7":0,"8":0,"9":0,"10":0,"11":0,"12":0,"13":0,"14":0,"15":0,"16":0,"17":0,"18":0,"19":0,"20":0,"21":0,"22":0,"23":0,"24":0,"25":0,"26":0,"27":0,"28":0,"29":0,"30":0,"31":0,"32":0,"33":0,"34":0,"35":0,"36":0,"37":0,"38":0,"39":0,"40":0,"41":0,"42":1,"43":0,"44":0,"45":0,"46":0,"47":0,"48":0,"49":0,"50":0,"51":0,"52":0,"53":0,"54":0,"55":0,"56":0,"57":0,"58":0,"59":0,"60":0,"61":0,"62":0,"63":0,"64":0,"65":0,"66":0,"67":0,"68":0,"69":0,"70":0,"71":0,"72":0,"73":0,"74":0,"75":0,"76":0,"77":0,"78":0,"79":0,"80":2},"f":{"0":0,"1":0,"2":0,"3":0,"4":0,"5":0,"6":0,"7":0,"8":0,"9":0,"10":1,"11":0,"12":0,"13":0,"14":0,"15":0,"16":0,"17":0,"18":0,"19":0,"20":0,"21":0},"b":{"0":[0,0],"1":[0,0],"2":[0,0],"3":[0,0],"4":[0,0],"5":[0,0],"6":[0,0],"7":[0,0],"8":[0,0],"9":[0,0],"10":[0,0],"11":[0,0],"12":[0,0],"13":[0,0]},"_coverageSchema":"1a1c01bbd47fc00a2c39e90264f33305004495a9","hash":"3cb3ae766822bbd410a03313103189ec43eb2dfb"}
,"D:\\IT Management System\\Cse-470-project\\model\\Client.js": {"path":"D:\\IT Management System\\Cse-470-project\\model\\Client.js","statementMap":{"0":{"start":{"line":1,"column":24},"end":{"line":1,"column":42}},"1":{"start":{"line":2,"column":15},"end":{"line":2,"column":34}},"2":{"start":{"line":3,"column":12},"end":{"line":3,"column":40}},"3":{"start":{"line":4,"column":14},"end":{"line":4,"column":31}},"4":{"start":{"line":5,"column":17},"end":{"line":5,"column":28}},"5":{"start":{"line":9,"column":8},"end":{"line":9,"column":47}},"6":{"start":{"line":10,"column":8},"end":{"line":10,"column":26}},"7":{"start":{"line":11,"column":8},"end":{"line":11,"column":29}},"8":{"start":{"line":12,"column":8},"end":{"line":12,"column":23}},"9":{"start":{"line":16,"column":4},"end":{"line":24,"column":7}},"10":{"start":{"line":17,"column":8},"end":{"line":17,"column":31}},"11":{"start":{"line":17,"column":19},"end":{"line":17,"column":31}},"12":{"start":{"line":18,"column":18},"end":{"line":18,"column":33}},"13":{"start":{"line":19,"column":8},"end":{"line":23,"column":11}},"14":{"start":{"line":20,"column":12},"end":{"line":20,"column":30}},"15":{"start":{"line":20,"column":21},"end":{"line":20,"column":30}},"16":{"start":{"line":21,"column":12},"end":{"line":21,"column":23}},"17":{"start":{"line":22,"column":12},"end":{"line":22,"column":55}},"18":{"start":{"line":28,"column":4},"end":{"line":40,"column":7}},"19":{"start":{"line":29,"column":18},"end":{"line":29,"column":33}},"20":{"start":{"line":30,"column":8},"end":{"line":30,"column":31}},"21":{"start":{"line":30,"column":19},"end":{"line":30,"column":31}},"22":{"start":{"line":31,"column":20},"end":{"line":31,"column":40}},"23":{"start":{"line":32,"column":16},"end":{"line":32,"column":100}},"24":{"start":{"line":33,"column":8},"end":{"line":38,"column":11}},"25":{"start":{"line":34,"column":12},"end":{"line":34,"column":31}},"26":{"start":{"line":34,"column":21},"end":{"line":34,"column":31}},"27":{"start":{"line":35,"column":12},"end":{"line":37,"column":13}},"28":{"start":{"line":36,"column":16},"end":{"line":36,"column":59}},"29":{"start":{"line":39,"column":8},"end":{"line":39,"column":19}},"30":{"start":{"line":44,"column":4},"end":{"line":55,"column":6}},"31":{"start":{"line":45,"column":18},"end":{"line":45,"column":33}},"32":{"start":{"line":46,"column":8},"end":{"line":46,"column":31}},"33":{"start":{"line":46,"column":19},"end":{"line":46,"column":31}},"34":{"start":{"line":47,"column":20},"end":{"line":47,"column":40}},"35":{"start":{"line":48,"column":16},"end":{"line":48,"column":111}},"36":{"start":{"line":49,"column":16},"end":{"line":49,"column":25}},"37":{"start":{"line":50,"column":8},"end":{"line":50,"column":49}},"38":{"start":{"line":51,"column":20},"end":{"line":51,"column":41}},"39":{"start":{"line":52,"column":16},"end":{"line":52,"column":92}},"40":{"start":{"line":53,"column":8},"end":{"line":53,"column":50}},"41":{"start":{"line":54,"column":8},"end":{"line":54,"column":19}},"42":{"start":{"line":59,"column":4},"end":{"line":75,"column":7}},"43":{"start":{"line":60,"column":18},"end":{"line":60,"column":33}},"44":{"start":{"line":61,"column":8},"end":{"line":61,"column":31}},"45":{"start":{"line":61,"column":19},"end":{"line":61,"column":31}},"46":{"start":{"line":62,"column":20},"end":{"line":62,"column":40}},"47":{"start":{"line":63,"column":8},"end":{"line":74,"column":15}},"48":{"start":{"line":65,"column":16},"end":{"line":65,"column":35}},"49":{"start":{"line":65,"column":25},"end":{"line":65,"column":35}},"50":{"start":{"line":66,"column":26},"end":{"line":66,"column":50}},"51":{"start":{"line":67,"column":25},"end":{"line":67,"column":38}},"52":{"start":{"line":68,"column":16},"end":{"line":72,"column":22}},"53":{"start":{"line":70,"column":24},"end":{"line":70,"column":43}},"54":{"start":{"line":70,"column":33},"end":{"line":70,"column":43}},"55":{"start":{"line":71,"column":24},"end":{"line":71,"column":77}},"56":{"start":{"line":73,"column":16},"end":{"line":73,"column":27}},"57":{"start":{"line":79,"column":4},"end":{"line":89,"column":7}},"58":{"start":{"line":80,"column":18},"end":{"line":80,"column":33}},"59":{"start":{"line":81,"column":8},"end":{"line":81,"column":31}},"60":{"start":{"line":81,"column":19},"end":{"line":81,"column":31}},"61":{"start":{"line":82,"column":20},"end":{"line":82,"column":40}},"62":{"start":{"line":83,"column":24},"end":{"line":83,"column":44}},"63":{"start":{"line":84,"column":8},"end":{"line":88,"column":11}},"64":{"start":{"line":85,"column":12},"end":{"line":85,"column":31}},"65":{"start":{"line":85,"column":21},"end":{"line":85,"column":31}},"66":{"start":{"line":86,"column":12},"end":{"line":86,"column":23}},"67":{"start":{"line":87,"column":12},"end":{"line":87,"column":50}},"68":{"start":{"line":93,"column":0},"end":{"line":93,"column":111}}},"fnMap":{"0":{"name":"(anonymous_0)","decl":{"start":{"line":8,"column":4},"end":{"line":8,"column":5}},"loc":{"start":{"line":8,"column":57},"end":{"line":13,"column":5}},"line":8},"1":{"name":"placeOrder","decl":{"start":{"line":15,"column":9},"end":{"line":15,"column":19}},"loc":{"start":{"line":15,"column":33},"end":{"line":25,"column":1}},"line":15},"2":{"name":"(anonymous_2)","decl":{"start":{"line":16,"column":29},"end":{"line":16,"column":30}},"loc":{"start":{"line":16,"column":44},"end":{"line":24,"column":5}},"line":16},"3":{"name":"(anonymous_3)","decl":{"start":{"line":19,"column":62},"end":{"line":19,"column":63}},"loc":{"start":{"line":19,"column":79},"end":{"line":23,"column":9}},"line":19},"4":{"name":"checkOrderStatus","decl":{"start":{"line":27,"column":9},"end":{"line":27,"column":25}},"loc":{"start":{"line":27,"column":35},"end":{"line":41,"column":1}},"line":27},"5":{"name":"(anonymous_5)","decl":{"start":{"line":28,"column":29},"end":{"line":28,"column":30}},"loc":{"start":{"line":28,"column":50},"end":{"line":40,"column":5}},"line":28},"6":{"name":"(anonymous_6)","decl":{"start":{"line":33,"column":18},"end":{"line":33,"column":19}},"loc":{"start":{"line":33,"column":35},"end":{"line":38,"column":9}},"line":33},"7":{"name":"revisionReq","decl":{"start":{"line":43,"column":9},"end":{"line":43,"column":20}},"loc":{"start":{"line":43,"column":35},"end":{"line":56,"column":1}},"line":43},"8":{"name":"(anonymous_8)","decl":{"start":{"line":44,"column":29},"end":{"line":44,"column":30}},"loc":{"start":{"line":44,"column":50},"end":{"line":55,"column":5}},"line":44},"9":{"name":"contactTeamLead","decl":{"start":{"line":58,"column":9},"end":{"line":58,"column":24}},"loc":{"start":{"line":58,"column":34},"end":{"line":76,"column":1}},"line":58},"10":{"name":"(anonymous_10)","decl":{"start":{"line":59,"column":29},"end":{"line":59,"column":30}},"loc":{"start":{"line":59,"column":44},"end":{"line":75,"column":5}},"line":59},"11":{"name":"(anonymous_11)","decl":{"start":{"line":64,"column":21},"end":{"line":64,"column":22}},"loc":{"start":{"line":64,"column":38},"end":{"line":74,"column":13}},"line":64},"12":{"name":"(anonymous_12)","decl":{"start":{"line":69,"column":29},"end":{"line":69,"column":30}},"loc":{"start":{"line":69,"column":46},"end":{"line":72,"column":21}},"line":69},"13":{"name":"makePayment","decl":{"start":{"line":78,"column":9},"end":{"line":78,"column":20}},"loc":{"start":{"line":78,"column":30},"end":{"line":90,"column":1}},"line":78},"14":{"name":"(anonymous_14)","decl":{"start":{"line":79,"column":29},"end":{"line":79,"column":30}},"loc":{"start":{"line":79,"column":44},"end":{"line":89,"column":5}},"line":79},"15":{"name":"(anonymous_15)","decl":{"start":{"line":84,"column":67},"end":{"line":84,"column":68}},"loc":{"start":{"line":84,"column":84},"end":{"line":88,"column":9}},"line":84}},"branchMap":{"0":{"loc":{"start":{"line":17,"column":8},"end":{"line":17,"column":31}},"type":"if","locations":[{"start":{"line":17,"column":8},"end":{"line":17,"column":31}},{"start":{"line":17,"column":8},"end":{"line":17,"column":31}}],"line":17},"1":{"loc":{"start":{"line":20,"column":12},"end":{"line":20,"column":30}},"type":"if","locations":[{"start":{"line":20,"column":12},"end":{"line":20,"column":30}},{"start":{"line":20,"column":12},"end":{"line":20,"column":30}}],"line":20},"2":{"loc":{"start":{"line":30,"column":8},"end":{"line":30,"column":31}},"type":"if","locations":[{"start":{"line":30,"column":8},"end":{"line":30,"column":31}},{"start":{"line":30,"column":8},"end":{"line":30,"column":31}}],"line":30},"3":{"loc":{"start":{"line":34,"column":12},"end":{"line":34,"column":31}},"type":"if","locations":[{"start":{"line":34,"column":12},"end":{"line":34,"column":31}},{"start":{"line":34,"column":12},"end":{"line":34,"column":31}}],"line":34},"4":{"loc":{"start":{"line":35,"column":12},"end":{"line":37,"column":13}},"type":"if","locations":[{"start":{"line":35,"column":12},"end":{"line":37,"column":13}},{"start":{"line":35,"column":12},"end":{"line":37,"column":13}}],"line":35},"5":{"loc":{"start":{"line":46,"column":8},"end":{"line":46,"column":31}},"type":"if","locations":[{"start":{"line":46,"column":8},"end":{"line":46,"column":31}},{"start":{"line":46,"column":8},"end":{"line":46,"column":31}}],"line":46},"6":{"loc":{"start":{"line":61,"column":8},"end":{"line":61,"column":31}},"type":"if","locations":[{"start":{"line":61,"column":8},"end":{"line":61,"column":31}},{"start":{"line":61,"column":8},"end":{"line":61,"column":31}}],"line":61},"7":{"loc":{"start":{"line":65,"column":16},"end":{"line":65,"column":35}},"type":"if","locations":[{"start":{"line":65,"column":16},"end":{"line":65,"column":35}},{"start":{"line":65,"column":16},"end":{"line":65,"column":35}}],"line":65},"8":{"loc":{"start":{"line":70,"column":24},"end":{"line":70,"column":43}},"type":"if","locations":[{"start":{"line":70,"column":24},"end":{"line":70,"column":43}},{"start":{"line":70,"column":24},"end":{"line":70,"column":43}}],"line":70},"9":{"loc":{"start":{"line":81,"column":8},"end":{"line":81,"column":31}},"type":"if","locations":[{"start":{"line":81,"column":8},"end":{"line":81,"column":31}},{"start":{"line":81,"column":8},"end":{"line":81,"column":31}}],"line":81},"10":{"loc":{"start":{"line":85,"column":12},"end":{"line":85,"column":31}},"type":"if","locations":[{"start":{"line":85,"column":12},"end":{"line":85,"column":31}},{"start":{"line":85,"column":12},"end":{"line":85,"column":31}}],"line":85}},"s":{"0":2,"1":2,"2":2,"3":2,"4":2,"5":0,"6":0,"7":0,"8":0,"9":0,"10":0,"11":0,"12":0,"13":0,"14":0,"15":0,"16":0,"17":0,"18":0,"19":0,"20":0,"21":0,"22":0,"23":0,"24":0,"25":0,"26":0,"27":0,"28":0,"29":0,"30":0,"31":0,"32":0,"33":0,"34":0,"35":0,"36":0,"37":0,"38":0,"39":0,"40":0,"41":0,"42":0,"43":0,"44":0,"45":0,"46":0,"47":0,"48":0,"49":0,"50":0,"51":0,"52":0,"53":0,"54":0,"55":0,"56":0,"57":0,"58":0,"59":0,"60":0,"61":0,"62":0,"63":0,"64":0,"65":0,"66":0,"67":0,"68":2},"f":{"0":0,"1":0,"2":0,"3":0,"4":0,"5":0,"6":0,"7":0,"8":0,"9":0,"10":0,"11":0,"12":0,"13":0,"14":0,"15":0},"b":{"0":[0,0],"1":[0,0],"2":[0,0],"3":[0,0],"4":[0,0],"5":[0,0],"6":[0,0],"7":[0,0],"8":[0,0],"9":[0,0],"10":[0,0]},"_coverageSchema":"1a1c01bbd47fc00a2c39e90264f33305004495a9","hash":"cdb372b487bfab26a65e8bfbb4e359bb9f27ab22"}
,"D:\\IT Management System\\Cse-470-project\\model\\Developer.js": {"path":"D:\\IT Management System\\Cse-470-project\\model\\Developer.js","statementMap":{"0":{"start":{"line":1,"column":17},"end":{"line":1,"column":38}},"1":{"start":{"line":5,"column":8},"end":{"line":5,"column":65}},"2":{"start":{"line":6,"column":8},"end":{"line":6,"column":26}},"3":{"start":{"line":7,"column":8},"end":{"line":7,"column":21}},"4":{"start":{"line":10,"column":0},"end":{"line":10,"column":27}}},"fnMap":{"0":{"name":"(anonymous_0)","decl":{"start":{"line":4,"column":4},"end":{"line":4,"column":5}},"loc":{"start":{"line":4,"column":65},"end":{"line":8,"column":5}},"line":4}},"branchMap":{},"s":{"0":1,"1":0,"2":0,"3":0,"4":1},"f":{"0":0},"b":{},"_coverageSchema":"1a1c01bbd47fc00a2c39e90264f33305004495a9","hash":"338113d4c77b84f2b697ade733a72f93f1ad1a1f"}
,"D:\\IT Management System\\Cse-470-project\\model\\Employer.js": {"path":"D:\\IT Management System\\Cse-470-project\\model\\Employer.js","statementMap":{"0":{"start":{"line":1,"column":15},"end":{"line":1,"column":34}},"1":{"start":{"line":6,"column":8},"end":{"line":6,"column":47}},"2":{"start":{"line":7,"column":8},"end":{"line":7,"column":21}},"3":{"start":{"line":8,"column":8},"end":{"line":8,"column":29}},"4":{"start":{"line":9,"column":8},"end":{"line":9,"column":23}},"5":{"start":{"line":10,"column":8},"end":{"line":10,"column":23}},"6":{"start":{"line":30,"column":0},"end":{"line":30,"column":26}}},"fnMap":{"0":{"name":"(anonymous_0)","decl":{"start":{"line":5,"column":4},"end":{"line":5,"column":5}},"loc":{"start":{"line":5,"column":64},"end":{"line":11,"column":5}},"line":5},"1":{"name":"rejectionReq","decl":{"start":{"line":13,"column":9},"end":{"line":13,"column":21}},"loc":{"start":{"line":13,"column":24},"end":{"line":15,"column":1}},"line":13},"2":{"name":"viewOrder","decl":{"start":{"line":17,"column":9},"end":{"line":17,"column":18}},"loc":{"start":{"line":17,"column":21},"end":{"line":19,"column":1}},"line":17},"3":{"name":"submitTask","decl":{"start":{"line":21,"column":9},"end":{"line":21,"column":19}},"loc":{"start":{"line":21,"column":22},"end":{"line":23,"column":1}},"line":21},"4":{"name":"sendStatus","decl":{"start":{"line":25,"column":9},"end":{"line":25,"column":19}},"loc":{"start":{"line":25,"column":22},"end":{"line":27,"column":1}},"line":25}},"branchMap":{},"s":{"0":1,"1":0,"2":0,"3":0,"4":0,"5":0,"6":1},"f":{"0":0,"1":0,"2":0,"3":0,"4":0},"b":{},"_coverageSchema":"1a1c01bbd47fc00a2c39e90264f33305004495a9","hash":"5b419fb7149ffd81b6cfd1b697a43df07dffbcfb"}
,"D:\\IT Management System\\Cse-470-project\\model\\Order.js": {"path":"D:\\IT Management System\\Cse-470-project\\model\\Order.js","statementMap":{"0":{"start":{"line":3,"column":8},"end":{"line":3,"column":26}},"1":{"start":{"line":4,"column":8},"end":{"line":4,"column":29}},"2":{"start":{"line":5,"column":8},"end":{"line":5,"column":20}},"3":{"start":{"line":6,"column":8},"end":{"line":6,"column":30}},"4":{"start":{"line":7,"column":8},"end":{"line":7,"column":27}},"5":{"start":{"line":8,"column":8},"end":{"line":8,"column":32}},"6":{"start":{"line":9,"column":8},"end":{"line":9,"column":29}},"7":{"start":{"line":10,"column":8},"end":{"line":10,"column":30}},"8":{"start":{"line":11,"column":8},"end":{"line":11,"column":24}},"9":{"start":{"line":15,"column":4},"end":{"line":26,"column":5}},"10":{"start":{"line":17,"column":12},"end":{"line":17,"column":25}},"11":{"start":{"line":19,"column":12},"end":{"line":19,"column":25}},"12":{"start":{"line":21,"column":12},"end":{"line":21,"column":25}},"13":{"start":{"line":23,"column":12},"end":{"line":23,"column":25}},"14":{"start":{"line":25,"column":12},"end":{"line":25,"column":18}},"15":{"start":{"line":30,"column":0},"end":{"line":30,"column":43}}},"fnMap":{"0":{"name":"(anonymous_0)","decl":{"start":{"line":2,"column":4},"end":{"line":2,"column":5}},"loc":{"start":{"line":2,"column":66},"end":{"line":12,"column":5}},"line":2},"1":{"name":"calculatePrice","decl":{"start":{"line":14,"column":9},"end":{"line":14,"column":23}},"loc":{"start":{"line":14,"column":29},"end":{"line":27,"column":1}},"line":14}},"branchMap":{"0":{"loc":{"start":{"line":2,"column":24},"end":{"line":2,"column":37}},"type":"default-arg","locations":[{"start":{"line":2,"column":29},"end":{"line":2,"column":37}}],"line":2},"1":{"loc":{"start":{"line":15,"column":4},"end":{"line":26,"column":5}},"type":"switch","locations":[{"start":{"line":16,"column":8},"end":{"line":17,"column":25}},{"start":{"line":18,"column":8},"end":{"line":19,"column":25}},{"start":{"line":20,"column":8},"end":{"line":21,"column":25}},{"start":{"line":22,"column":8},"end":{"line":23,"column":25}},{"start":{"line":24,"column":8},"end":{"line":25,"column":18}}],"line":15}},"s":{"0":0,"1":0,"2":0,"3":0,"4":0,"5":0,"6":0,"7":0,"8":0,"9":1,"10":1,"11":0,"12":0,"13":0,"14":0,"15":2},"f":{"0":0,"1":1},"b":{"0":[0],"1":[1,0,0,0,0]},"_coverageSchema":"1a1c01bbd47fc00a2c39e90264f33305004495a9","hash":"3a4c0208896ba897d8c9402d7e7595e3ba4f5dca"}
,"D:\\IT Management System\\Cse-470-project\\model\\Person.js": {"path":"D:\\IT Management System\\Cse-470-project\\model\\Person.js","statementMap":{"0":{"start":{"line":3,"column":8},"end":{"line":3,"column":27}},"1":{"start":{"line":4,"column":8},"end":{"line":4,"column":26}},"2":{"start":{"line":5,"column":8},"end":{"line":5,"column":21}},"3":{"start":{"line":6,"column":8},"end":{"line":6,"column":24}},"4":{"start":{"line":7,"column":8},"end":{"line":7,"column":22}},"5":{"start":{"line":8,"column":8},"end":{"line":8,"column":27}},"6":{"start":{"line":9,"column":8},"end":{"line":9,"column":27}},"7":{"start":{"line":10,"column":8},"end":{"line":10,"column":28}},"8":{"start":{"line":13,"column":0},"end":{"line":13,"column":24}}},"fnMap":{"0":{"name":"(anonymous_0)","decl":{"start":{"line":2,"column":4},"end":{"line":2,"column":5}},"loc":{"start":{"line":2,"column":49},"end":{"line":11,"column":5}},"line":2}},"branchMap":{},"s":{"0":0,"1":0,"2":0,"3":0,"4":0,"5":0,"6":0,"7":0,"8":3},"f":{"0":0},"b":{},"_coverageSchema":"1a1c01bbd47fc00a2c39e90264f33305004495a9","hash":"33499ae533e9134b84da4c368eda3dd3be5047c4"}
,"D:\\IT Management System\\Cse-470-project\\model\\TeamLead.js": {"path":"D:\\IT Management System\\Cse-470-project\\model\\TeamLead.js","statementMap":{"0":{"start":{"line":1,"column":17},"end":{"line":1,"column":38}},"1":{"start":{"line":5,"column":8},"end":{"line":5,"column":64}},"2":{"start":{"line":6,"column":8},"end":{"line":6,"column":21}},"3":{"start":{"line":7,"column":8},"end":{"line":7,"column":23}},"4":{"start":{"line":27,"column":0},"end":{"line":27,"column":26}}},"fnMap":{"0":{"name":"(anonymous_0)","decl":{"start":{"line":4,"column":4},"end":{"line":4,"column":5}},"loc":{"start":{"line":4,"column":66},"end":{"line":8,"column":5}},"line":4},"1":{"name":"(anonymous_1)","decl":{"start":{"line":10,"column":4},"end":{"line":10,"column":5}},"loc":{"start":{"line":10,"column":20},"end":{"line":12,"column":5}},"line":10},"2":{"name":"(anonymous_2)","decl":{"start":{"line":14,"column":4},"end":{"line":14,"column":5}},"loc":{"start":{"line":14,"column":20},"end":{"line":16,"column":5}},"line":14},"3":{"name":"(anonymous_3)","decl":{"start":{"line":18,"column":4},"end":{"line":18,"column":5}},"loc":{"start":{"line":18,"column":20},"end":{"line":20,"column":5}},"line":18},"4":{"name":"(anonymous_4)","decl":{"start":{"line":22,"column":4},"end":{"line":22,"column":5}},"loc":{"start":{"line":22,"column":18},"end":{"line":24,"column":5}},"line":22}},"branchMap":{},"s":{"0":1,"1":0,"2":0,"3":0,"4":1},"f":{"0":0,"1":0,"2":0,"3":0,"4":0},"b":{},"_coverageSchema":"1a1c01bbd47fc00a2c39e90264f33305004495a9","hash":"50e5ca4e967fd3f3aad7b9d9144496aad928e0ef"}
}
