TN:
SF:controller\prac.js
FN:12,(anonymous_0)
FN:13,(anonymous_1)
FN:18,(anonymous_2)
FNF:3
FNH:1
FNDA:1,(anonymous_0)
FNDA:0,(anonymous_1)
FNDA:0,(anonymous_2)
DA:1,1
DA:2,1
DA:3,1
DA:4,1
DA:5,1
DA:6,1
DA:7,1
DA:8,1
DA:10,1
DA:12,1
DA:13,1
DA:14,0
DA:15,0
DA:16,0
DA:17,0
DA:18,0
DA:19,0
DA:20,0
DA:21,0
DA:26,1
DA:27,1
LF:21
LH:13
BRDA:15,0,0,0
BRDA:15,0,1,0
BRDA:19,1,0,0
BRDA:19,1,1,0
BRF:4
BRH:0
end_of_record
TN:
SF:model\Admin.js
FN:8,(anonymous_0)
FN:15,orderConfirm
FN:16,(anonymous_2)
FN:22,(anonymous_3)
FN:31,orderCancel
FN:32,(anonymous_5)
FN:35,(anonymous_6)
FN:44,orderDelivery
FN:45,(anonymous_8)
FN:52,(anonymous_9)
FN:60,checkBilling
FN:61,(anonymous_11)
FN:65,(anonymous_12)
FN:74,addEmployee
FN:75,(anonymous_14)
FN:78,(anonymous_15)
FN:87,remEmployee
FN:88,(anonymous_17)
FN:91,(anonymous_18)
FN:100,editEmployee
FN:101,(anonymous_20)
FN:105,(anonymous_21)
FNF:22
FNH:1
FNDA:0,(anonymous_0)
FNDA:0,orderConfirm
FNDA:0,(anonymous_2)
FNDA:0,(anonymous_3)
FNDA:0,orderCancel
FNDA:0,(anonymous_5)
FNDA:0,(anonymous_6)
FNDA:0,orderDelivery
FNDA:0,(anonymous_8)
FNDA:0,(anonymous_9)
FNDA:1,checkBilling
FNDA:0,(anonymous_11)
FNDA:0,(anonymous_12)
FNDA:0,addEmployee
FNDA:0,(anonymous_14)
FNDA:0,(anonymous_15)
FNDA:0,remEmployee
FNDA:0,(anonymous_17)
FNDA:0,(anonymous_18)
FNDA:0,editEmployee
FNDA:0,(anonymous_20)
FNDA:0,(anonymous_21)
DA:1,2
DA:2,2
DA:3,2
DA:4,2
DA:5,2
DA:9,0
DA:10,0
DA:11,0
DA:16,0
DA:17,0
DA:18,0
DA:19,0
DA:20,0
DA:21,0
DA:22,0
DA:23,0
DA:24,0
DA:25,0
DA:32,0
DA:33,0
DA:34,0
DA:35,0
DA:36,0
DA:37,0
DA:38,0
DA:45,0
DA:46,0
DA:47,0
DA:48,0
DA:49,0
DA:50,0
DA:51,0
DA:52,0
DA:53,0
DA:54,0
DA:56,0
DA:61,1
DA:62,0
DA:63,0
DA:64,0
DA:65,0
DA:66,0
DA:67,0
DA:70,0
DA:75,0
DA:76,0
DA:77,0
DA:78,0
DA:79,0
DA:80,0
DA:81,0
DA:88,0
DA:89,0
DA:90,0
DA:91,0
DA:92,0
DA:93,0
DA:94,0
DA:101,0
DA:102,0
DA:103,0
DA:104,0
DA:105,0
DA:106,0
DA:107,0
DA:108,0
DA:114,2
LF:67
LH:7
BRDA:17,0,0,0
BRDA:17,0,1,0
BRDA:23,1,0,0
BRDA:23,1,1,0
BRDA:34,2,0,0
BRDA:34,2,1,0
BRDA:36,3,0,0
BRDA:36,3,1,0
BRDA:47,4,0,0
BRDA:47,4,1,0
BRDA:53,5,0,0
BRDA:53,5,1,0
BRDA:63,6,0,0
BRDA:63,6,1,0
BRDA:66,7,0,0
BRDA:66,7,1,0
BRDA:76,8,0,0
BRDA:76,8,1,0
BRDA:79,9,0,0
BRDA:79,9,1,0
BRDA:90,10,0,0
BRDA:90,10,1,0
BRDA:92,11,0,0
BRDA:92,11,1,0
BRDA:103,12,0,0
BRDA:103,12,1,0
BRDA:106,13,0,0
BRDA:106,13,1,0
BRF:28
BRH:0
end_of_record
TN:
SF:model\Client.js
FN:8,(anonymous_0)
FN:15,placeOrder
FN:16,(anonymous_2)
FN:19,(anonymous_3)
FN:27,checkOrderStatus
FN:28,(anonymous_5)
FN:33,(anonymous_6)
FN:43,revisionReq
FN:44,(anonymous_8)
FN:58,contactTeamLead
FN:59,(anonymous_10)
FN:64,(anonymous_11)
FN:69,(anonymous_12)
FN:78,makePayment
FN:79,(anonymous_14)
FN:84,(anonymous_15)
FNF:16
FNH:0
FNDA:0,(anonymous_0)
FNDA:0,placeOrder
FNDA:0,(anonymous_2)
FNDA:0,(anonymous_3)
FNDA:0,checkOrderStatus
FNDA:0,(anonymous_5)
FNDA:0,(anonymous_6)
FNDA:0,revisionReq
FNDA:0,(anonymous_8)
FNDA:0,contactTeamLead
FNDA:0,(anonymous_10)
FNDA:0,(anonymous_11)
FNDA:0,(anonymous_12)
FNDA:0,makePayment
FNDA:0,(anonymous_14)
FNDA:0,(anonymous_15)
DA:1,2
DA:2,2
DA:3,2
DA:4,2
DA:5,2
DA:9,0
DA:10,0
DA:11,0
DA:12,0
DA:16,0
DA:17,0
DA:18,0
DA:19,0
DA:20,0
DA:21,0
DA:22,0
DA:28,0
DA:29,0
DA:30,0
DA:31,0
DA:32,0
DA:33,0
DA:34,0
DA:35,0
DA:36,0
DA:39,0
DA:44,0
DA:45,0
DA:46,0
DA:47,0
DA:48,0
DA:49,0
DA:50,0
DA:51,0
DA:52,0
DA:53,0
DA:54,0
DA:59,0
DA:60,0
DA:61,0
DA:62,0
DA:63,0
DA:65,0
DA:66,0
DA:67,0
DA:68,0
DA:70,0
DA:71,0
DA:73,0
DA:79,0
DA:80,0
DA:81,0
DA:82,0
DA:83,0
DA:84,0
DA:85,0
DA:86,0
DA:87,0
DA:93,2
LF:59
LH:6
BRDA:17,0,0,0
BRDA:17,0,1,0
BRDA:20,1,0,0
BRDA:20,1,1,0
BRDA:30,2,0,0
BRDA:30,2,1,0
BRDA:34,3,0,0
BRDA:34,3,1,0
BRDA:35,4,0,0
BRDA:35,4,1,0
BRDA:46,5,0,0
BRDA:46,5,1,0
BRDA:61,6,0,0
BRDA:61,6,1,0
BRDA:65,7,0,0
BRDA:65,7,1,0
BRDA:70,8,0,0
BRDA:70,8,1,0
BRDA:81,9,0,0
BRDA:81,9,1,0
BRDA:85,10,0,0
BRDA:85,10,1,0
BRF:22
BRH:0
end_of_record
TN:
SF:model\Developer.js
FN:4,(anonymous_0)
FNF:1
FNH:0
FNDA:0,(anonymous_0)
DA:1,1
DA:5,0
DA:6,0
DA:7,0
DA:10,1
LF:5
LH:2
BRF:0
BRH:0
end_of_record
TN:
SF:model\Employer.js
FN:5,(anonymous_0)
FN:13,rejectionReq
FN:17,viewOrder
FN:21,submitTask
FN:25,sendStatus
FNF:5
FNH:0
FNDA:0,(anonymous_0)
FNDA:0,rejectionReq
FNDA:0,viewOrder
FNDA:0,submitTask
FNDA:0,sendStatus
DA:1,1
DA:6,0
DA:7,0
DA:8,0
DA:9,0
DA:10,0
DA:30,1
LF:7
LH:2
BRF:0
BRH:0
end_of_record
TN:
SF:model\Order.js
FN:2,(anonymous_0)
FN:14,calculatePrice
FNF:2
FNH:1
FNDA:0,(anonymous_0)
FNDA:1,calculatePrice
DA:3,0
DA:4,0
DA:5,0
DA:6,0
DA:7,0
DA:8,0
DA:9,0
DA:10,0
DA:11,0
DA:15,1
DA:17,1
DA:19,0
DA:21,0
DA:23,0
DA:25,0
DA:30,2
LF:16
LH:3
BRDA:2,0,0,0
BRDA:15,1,0,1
BRDA:15,1,1,0
BRDA:15,1,2,0
BRDA:15,1,3,0
BRDA:15,1,4,0
BRF:6
BRH:1
end_of_record
TN:
SF:model\Person.js
FN:2,(anonymous_0)
FNF:1
FNH:0
FNDA:0,(anonymous_0)
DA:3,0
DA:4,0
DA:5,0
DA:6,0
DA:7,0
DA:8,0
DA:9,0
DA:10,0
DA:13,3
LF:9
LH:1
BRF:0
BRH:0
end_of_record
TN:
SF:model\TeamLead.js
FN:4,(anonymous_0)
FN:10,(anonymous_1)
FN:14,(anonymous_2)
FN:18,(anonymous_3)
FN:22,(anonymous_4)
FNF:5
FNH:0
FNDA:0,(anonymous_0)
FNDA:0,(anonymous_1)
FNDA:0,(anonymous_2)
FNDA:0,(anonymous_3)
FNDA:0,(anonymous_4)
DA:1,1
DA:5,0
DA:6,0
DA:7,0
DA:27,1
LF:5
LH:2
BRF:0
BRH:0
end_of_record
